<?xml version="1.0" encoding="UTF-8"?>
<testsuite xmlns:xsi="http://www.w3.org/2001/XMLSchema-instance" xsi:noNamespaceSchemaLocation="https://maven.apache.org/surefire/maven-surefire-plugin/xsd/surefire-test-report-3.0.xsd" version="3.0" name="com.library.BookServiceTest" time="1.727" tests="4" errors="0" skipped="0" failures="0">
  <properties>
[...]
</properties>
  <testcase name="testAddBook" classname="com.library.BookServiceTest" time="1.215">
    <system-out><![CDATA[Livre ajoutÃ© avec succÃ¨s
RÃ©cuperer User with id 1 pour confirmer l'ajout: 
Book{id=1, title='Java Programming', author='John Doe', publisher='null', isbn='12345', publishedYear=2023}
]]></system-out>
  </testcase>
  <testcase name="testUpdateBook" classname="com.library.BookServiceTest" time="0.214">
    <system-out><![CDATA[Livre ajoutÃ© avec succÃ¨s: 
Book{id=2, title='Java Programming', author='John Doe', publisher='null', isbn='12345', publishedYear=2023}
Livre mis Ã  jour avec succÃ¨s: 
Book{id=2, title='Advanced Java', author='Jane Doe', publisher='null', isbn='12345', publishedYear=2025}
]]></system-out>
  </testcase>
  <testcase name="testDeleteBook" classname="com.library.BookServiceTest" time="0.13">
    <system-out><![CDATA[Livre supprimÃ© avec succÃ¨s !
Livre supprimÃ© avec succÃ¨s
]]></system-out>
  </testcase>
  <testcase name="displayBooks" classname="com.library.BookServiceTest" time="0.09">
    <system-out><![CDATA[
=== Liste des Livres ===
ID: 1| Titre: Java Programming| Auteur: John Doe| ISBN: 12345| AnnÃ©e de publication: 2023
ID: 2| Titre: Python Programming| Auteur: Jane Doe| ISBN: 12346| AnnÃ©e de publication: 2024
]]></system-out>
  </testcase>
</testsuite>